  animation.cpp
C:\Users\Krod\Desktop\games\src\framework.h(372,105): warning C4244: 'return': conversión de 'double' a 'float'; posible pérdida de datos
C:\Users\Krod\Desktop\games\src\animation.cpp(191,47): warning C4244: 'argumento': conversión de 'int' a 'float'; posible pérdida de datos
C:\Users\Krod\Desktop\games\src\animation.cpp(191,12): warning C4244: 'inicializando': conversión de 'float' a 'int'; posible pérdida de datos
C:\Users\Krod\Desktop\games\src\animation.cpp(275,1): warning C4996: 'fopen': This function or variable may be unsafe. Consider using fopen_s instead. To disable deprecation, use _CRT_SECURE_NO_WARNINGS. See online help for details.
C:\Program Files (x86)\Windows Kits\10\Include\10.0.18362.0\ucrt\stdio.h(208): message : vea la declaración de 'fopen'
C:\Users\Krod\Desktop\games\src\animation.cpp(316,1): warning C4996: 'fopen': This function or variable may be unsafe. Consider using fopen_s instead. To disable deprecation, use _CRT_SECURE_NO_WARNINGS. See online help for details.
C:\Program Files (x86)\Windows Kits\10\Include\10.0.18362.0\ucrt\stdio.h(208): message : vea la declaración de 'fopen'
C:\Users\Krod\Desktop\games\src\animation.cpp(393,26): warning C4244: '=': conversión de '_Ty' a 'int'; posible pérdida de datos
          with
          [
              _Ty=float
          ]
C:\Users\Krod\Desktop\games\src\animation.cpp(394,31): warning C4244: '=': conversión de '_Ty' a 'int'; posible pérdida de datos
          with
          [
              _Ty=float
          ]
C:\Users\Krod\Desktop\games\src\animation.cpp(412,14): warning C4244: 'inicializando': conversión de 'double' a 'int'; posible pérdida de datos
C:\Users\Krod\Desktop\games\src\animation.cpp(417,21): warning C4244: 'inicializando': conversión de 'double' a 'int'; posible pérdida de datos
C:\Users\Krod\Desktop\games\src\animation.cpp(433,36): warning C4244: '=': conversión de '_Ty' a 'int8'; posible pérdida de datos
          with
          [
              _Ty=float
          ]
C:\Users\Krod\Desktop\games\src\animation.cpp(374,1): warning C4996: 'fopen': This function or variable may be unsafe. Consider using fopen_s instead. To disable deprecation, use _CRT_SECURE_NO_WARNINGS. See online help for details.
C:\Program Files (x86)\Windows Kits\10\Include\10.0.18362.0\ucrt\stdio.h(208): message : vea la declaración de 'fopen'
  camera.cpp
C:\Users\Krod\Desktop\games\src\framework.h(372,105): warning C4244: 'return': conversión de 'double' a 'float'; posible pérdida de datos
  entity.cpp
C:\Users\Krod\Desktop\games\src\framework.h(372,105): warning C4244: 'return': conversión de 'double' a 'float'; posible pérdida de datos
C:\Users\Krod\Desktop\games\src\entity.cpp(23,23): warning C4018: '<': no coinciden signed/unsigned
C:\Users\Krod\Desktop\games\src\entity.cpp(38,23): warning C4018: '<': no coinciden signed/unsigned
C:\Users\Krod\Desktop\games\src\entity.cpp(44,23): warning C4018: '<': no coinciden signed/unsigned
  entityEnemy.cpp
C:\Users\Krod\Desktop\games\src\framework.h(372,105): warning C4244: 'return': conversión de 'double' a 'float'; posible pérdida de datos
C:\Users\Krod\Desktop\games\src\entityEnemy.cpp(30,22): warning C4018: '<': no coinciden signed/unsigned
C:\Users\Krod\Desktop\games\src\entityEnemy.cpp(48,50): warning C4305: '+=': truncamiento de 'double' a 'float'
C:\Users\Krod\Desktop\games\src\entityEnemy.cpp(59,62): warning C4305: '+=': truncamiento de 'double' a 'float'
C:\Users\Krod\Desktop\games\src\entityEnemy.cpp(84,59): warning C4244: 'argumento': conversión de 'double' a 'float'; posible pérdida de datos
C:\Users\Krod\Desktop\games\src\entityEnemy.cpp(117,24): warning C4244: 'inicializando': conversión de 'double' a 'float'; posible pérdida de datos
C:\Users\Krod\Desktop\games\src\entityEnemy.cpp(127,16): warning C4244: 'inicializando': conversión de 'float' a 'int'; posible pérdida de datos
C:\Users\Krod\Desktop\games\src\entityEnemy.cpp(166,31): warning C4244: 'argumento': conversión de 'float' a 'int'; posible pérdida de datos
C:\Users\Krod\Desktop\games\src\entityEnemy.cpp(167,53): warning C4244: '=': conversión de 'double' a 'float'; posible pérdida de datos
  entityGui.cpp
C:\Users\Krod\Desktop\games\src\framework.h(372,105): warning C4244: 'return': conversión de 'double' a 'float'; posible pérdida de datos
C:\Users\Krod\Desktop\games\src\entityGui.cpp(15,71): warning C4244: 'argumento': conversión de 'int' a 'float'; posible pérdida de datos
C:\Users\Krod\Desktop\games\src\entityGui.cpp(15,41): warning C4244: 'argumento': conversión de 'int' a 'float'; posible pérdida de datos
  entityGuiInGame.cpp
C:\Users\Krod\Desktop\games\src\framework.h(372,105): warning C4244: 'return': conversión de 'double' a 'float'; posible pérdida de datos
C:\Users\Krod\Desktop\games\src\entityGuiInGame.cpp(59,23): warning C4244: '=': conversión de 'double' a '_Ty'; posible pérdida de datos
          with
          [
              _Ty=int
          ]
C:\Users\Krod\Desktop\games\src\entityGuiInGame.cpp(60,23): warning C4244: '=': conversión de 'double' a '_Ty'; posible pérdida de datos
          with
          [
              _Ty=int
          ]
  entityGuiMenu.cpp
C:\Users\Krod\Desktop\games\src\framework.h(372,105): warning C4244: 'return': conversión de 'double' a 'float'; posible pérdida de datos
C:\Users\Krod\Desktop\games\src\entityGuiMenu.cpp(11,14): warning C4244: 'inicializando': conversión de 'int' a 'float'; posible pérdida de datos
C:\Users\Krod\Desktop\games\src\entityGuiMenu.cpp(12,15): warning C4244: 'inicializando': conversión de 'int' a 'float'; posible pérdida de datos
C:\Users\Krod\Desktop\games\src\entityGuiMenu.cpp(57,14): warning C4244: 'inicializando': conversión de 'int' a 'float'; posible pérdida de datos
C:\Users\Krod\Desktop\games\src\entityGuiMenu.cpp(58,15): warning C4244: 'inicializando': conversión de 'int' a 'float'; posible pérdida de datos
C:\Users\Krod\Desktop\games\src\entityGuiMenu.cpp(79,39): warning C4305: 'argumento': truncamiento de 'double' a 'float'
C:\Users\Krod\Desktop\games\src\entityGuiMenu.cpp(83,39): warning C4305: 'argumento': truncamiento de 'double' a 'float'
  entityGuiText.cpp
C:\Users\Krod\Desktop\games\src\framework.h(372,105): warning C4244: 'return': conversión de 'double' a 'float'; posible pérdida de datos
C:\Users\Krod\Desktop\games\src\entityGuiText.cpp(11,14): warning C4244: 'inicializando': conversión de 'int' a 'float'; posible pérdida de datos
C:\Users\Krod\Desktop\games\src\entityGuiText.cpp(12,15): warning C4244: 'inicializando': conversión de 'int' a 'float'; posible pérdida de datos
C:\Users\Krod\Desktop\games\src\entityGuiText.cpp(54,14): warning C4244: 'inicializando': conversión de 'int' a 'float'; posible pérdida de datos
C:\Users\Krod\Desktop\games\src\entityGuiText.cpp(55,15): warning C4244: 'inicializando': conversión de 'int' a 'float'; posible pérdida de datos
C:\Users\Krod\Desktop\games\src\entityGuiText.cpp(74,38): warning C4305: 'argumento': truncamiento de 'double' a 'float'
C:\Users\Krod\Desktop\games\src\entityGuiText.cpp(77,38): warning C4305: 'argumento': truncamiento de 'double' a 'float'
  entityMesh.cpp
C:\Users\Krod\Desktop\games\src\framework.h(372,105): warning C4244: 'return': conversión de 'double' a 'float'; posible pérdida de datos
C:\Users\Krod\Desktop\games\src\entityMesh.cpp(22,20): warning C4018: '<': no coinciden signed/unsigned
C:\Users\Krod\Desktop\games\src\entityMesh.cpp(66,20): warning C4018: '<': no coinciden signed/unsigned
C:\Users\Krod\Desktop\games\src\entityMesh.cpp(79,16): warning C4244: 'inicializando': conversión de 'float' a 'int'; posible pérdida de datos
C:\Users\Krod\Desktop\games\src\entityMesh.cpp(99,38): warning C4244: '+=': conversión de 'double' a 'float'; posible pérdida de datos
C:\Users\Krod\Desktop\games\src\entityMesh.cpp(102,72): warning C4244: 'argumento': conversión de 'double' a 'float'; posible pérdida de datos
C:\Users\Krod\Desktop\games\src\entityMesh.cpp(119,5): warning C4305: 'argumento': truncamiento de 'double' a 'float'
C:\Users\Krod\Desktop\games\src\entityMesh.cpp(126,22): warning C4018: '<': no coinciden signed/unsigned
C:\Users\Krod\Desktop\games\src\entityMesh.cpp(134,22): warning C4018: '<': no coinciden signed/unsigned
C:\Users\Krod\Desktop\games\src\entityMesh.cpp(154,20): warning C4018: '<': no coinciden signed/unsigned
C:\Users\Krod\Desktop\games\src\entityMesh.cpp(170,10): warning C4244: 'inicializando': conversión de 'float' a 'int'; posible pérdida de datos
C:\Users\Krod\Desktop\games\src\entityMesh.cpp(182,10): warning C4244: 'inicializando': conversión de 'float' a 'int'; posible pérdida de datos
C:\Users\Krod\Desktop\games\src\entityMesh.cpp(219,20): warning C4018: '<': no coinciden signed/unsigned
C:\Users\Krod\Desktop\games\src\entityMesh.cpp(223,20): warning C4018: '<': no coinciden signed/unsigned
  entityPlayer.cpp
C:\Users\Krod\Desktop\games\src\framework.h(372,105): warning C4244: 'return': conversión de 'double' a 'float'; posible pérdida de datos
C:\Users\Krod\Desktop\games\src\entityPlayer.cpp(16,32): warning C4305: '=': truncamiento de 'double' a 'float'
C:\Users\Krod\Desktop\games\src\entityPlayer.cpp(29,46): warning C4244: 'argumento': conversión de 'int' a 'float'; posible pérdida de datos
C:\Users\Krod\Desktop\games\src\entityPlayer.cpp(29,35): warning C4244: 'argumento': conversión de 'int' a 'float'; posible pérdida de datos
C:\Users\Krod\Desktop\games\src\entityPlayer.cpp(37,20): warning C4018: '<': no coinciden signed/unsigned
C:\Users\Krod\Desktop\games\src\entityPlayer.cpp(77,68): warning C4244: '+=': conversión de 'double' a 'float'; posible pérdida de datos
C:\Users\Krod\Desktop\games\src\entityPlayer.cpp(91,20): warning C4018: '<': no coinciden signed/unsigned
C:\Users\Krod\Desktop\games\src\entityPlayer.cpp(107,32): warning C4244: 'argumento': conversión de 'double' a 'int'; posible pérdida de datos
C:\Users\Krod\Desktop\games\src\entityPlayer.cpp(120,40): warning C4244: 'argumento': conversión de 'float' a 'int'; posible pérdida de datos
C:\Users\Krod\Desktop\games\src\entityPlayer.cpp(129,66): warning C4244: 'argumento': conversión de 'float' a 'int'; posible pérdida de datos
C:\Users\Krod\Desktop\games\src\entityPlayer.cpp(134,18): warning C4244: 'argumento': conversión de 'float' a 'int'; posible pérdida de datos
C:\Users\Krod\Desktop\games\src\entityPlayer.cpp(146,16): warning C4244: 'inicializando': conversión de 'float' a 'int'; posible pérdida de datos
C:\Users\Krod\Desktop\games\src\entityPlayer.cpp(178,16): warning C4244: 'inicializando': conversión de 'float' a 'int'; posible pérdida de datos
C:\Users\Krod\Desktop\games\src\entityPlayer.cpp(197,54): warning C4305: 'argumento': truncamiento de 'double' a 'float'
C:\Users\Krod\Desktop\games\src\entityPlayer.cpp(211,14): warning C4244: 'inicializando': conversión de 'int' a 'float'; posible pérdida de datos
C:\Users\Krod\Desktop\games\src\entityPlayer.cpp(212,14): warning C4244: 'inicializando': conversión de 'int' a 'float'; posible pérdida de datos
  entityWheel.cpp
C:\Users\Krod\Desktop\games\src\framework.h(372,105): warning C4244: 'return': conversión de 'double' a 'float'; posible pérdida de datos
C:\Users\Krod\Desktop\games\src\entityWheel.cpp(11,43): warning C4244: 'argumento': conversión de 'double' a 'float'; posible pérdida de datos
C:\Users\Krod\Desktop\games\src\entityWheel.cpp(13,37): warning C4305: 'argumento': truncamiento de 'double' a 'float'
C:\Users\Krod\Desktop\games\src\entityWheel.cpp(19,133): warning C4244: 'argumento': conversión de 'double' a 'float'; posible pérdida de datos
C:\Users\Krod\Desktop\games\src\entityWheel.cpp(20,141): warning C4244: 'argumento': conversión de 'double' a 'float'; posible pérdida de datos
C:\Users\Krod\Desktop\games\src\entityWheel.cpp(21,166): warning C4244: 'argumento': conversión de 'double' a 'float'; posible pérdida de datos
C:\Users\Krod\Desktop\games\src\entityWheel.cpp(22,169): warning C4244: 'argumento': conversión de 'double' a 'float'; posible pérdida de datos
  map.cpp
C:\Users\Krod\Desktop\games\src\framework.h(372,105): warning C4244: 'return': conversión de 'double' a 'float'; posible pérdida de datos
C:\Users\Krod\Desktop\games\src\map.cpp(9,1): warning C4996: 'fopen': This function or variable may be unsafe. Consider using fopen_s instead. To disable deprecation, use _CRT_SECURE_NO_WARNINGS. See online help for details.
C:\Program Files (x86)\Windows Kits\10\Include\10.0.18362.0\ucrt\stdio.h(208): message : vea la declaración de 'fopen'
  objects.cpp
C:\Users\Krod\Desktop\games\src\framework.h(372,105): warning C4244: 'return': conversión de 'double' a 'float'; posible pérdida de datos
C:\Users\Krod\Desktop\games\src\objects.cpp(39,24): warning C4244: 'argumento': conversión de 'int' a 'float'; posible pérdida de datos
C:\Users\Krod\Desktop\games\src\objects.cpp(39,18): warning C4244: 'argumento': conversión de 'int' a 'float'; posible pérdida de datos
C:\Users\Krod\Desktop\games\src\objects.cpp(47,33): warning C4244: 'argumento': conversión de 'int' a 'float'; posible pérdida de datos
C:\Users\Krod\Desktop\games\src\objects.cpp(47,27): warning C4244: 'argumento': conversión de 'int' a 'float'; posible pérdida de datos
C:\Users\Krod\Desktop\games\src\objects.cpp(55,33): warning C4244: 'argumento': conversión de 'int' a 'float'; posible pérdida de datos
C:\Users\Krod\Desktop\games\src\objects.cpp(55,27): warning C4244: 'argumento': conversión de 'int' a 'float'; posible pérdida de datos
C:\Users\Krod\Desktop\games\src\objects.cpp(62,67): warning C4244: 'argumento': conversión de 'int' a 'float'; posible pérdida de datos
C:\Users\Krod\Desktop\games\src\objects.cpp(62,61): warning C4244: 'argumento': conversión de 'int' a 'float'; posible pérdida de datos
  stageControls.cpp
C:\Users\Krod\Desktop\games\src\framework.h(372,105): warning C4244: 'return': conversión de 'double' a 'float'; posible pérdida de datos
C:\Users\Krod\Desktop\games\src\stageControls.cpp(18,18): warning C4244: 'argumento': conversión de 'double' a 'float'; posible pérdida de datos
  stageGame.cpp
C:\Users\Krod\Desktop\games\src\framework.h(372,105): warning C4244: 'return': conversión de 'double' a 'float'; posible pérdida de datos
C:\Users\Krod\Desktop\games\src\stageGame.cpp(25,29): warning C4305: 'argumento': truncamiento de 'double' a 'GLclampf'
C:\Users\Krod\Desktop\games\src\stageGame.cpp(36,22): warning C4244: 'argumento': conversión de 'double' a 'float'; posible pérdida de datos
  stageLevel.cpp
C:\Users\Krod\Desktop\games\src\framework.h(372,105): warning C4244: 'return': conversión de 'double' a 'float'; posible pérdida de datos
C:\Users\Krod\Desktop\games\src\stageLevel.cpp(18,18): warning C4244: 'argumento': conversión de 'double' a 'float'; posible pérdida de datos
  stageLevelFail.cpp
C:\Users\Krod\Desktop\games\src\framework.h(372,105): warning C4244: 'return': conversión de 'double' a 'float'; posible pérdida de datos
C:\Users\Krod\Desktop\games\src\stageLevelFail.cpp(22,18): warning C4244: 'argumento': conversión de 'double' a 'float'; posible pérdida de datos
  stageMenu.cpp
C:\Users\Krod\Desktop\games\src\framework.h(372,105): warning C4244: 'return': conversión de 'double' a 'float'; posible pérdida de datos
C:\Users\Krod\Desktop\games\src\stageMenu.cpp(18,18): warning C4244: 'argumento': conversión de 'double' a 'float'; posible pérdida de datos
  stageNextLevel.cpp
C:\Users\Krod\Desktop\games\src\framework.h(372,105): warning C4244: 'return': conversión de 'double' a 'float'; posible pérdida de datos
C:\Users\Krod\Desktop\games\src\stageNextLevel.cpp(22,18): warning C4244: 'argumento': conversión de 'double' a 'float'; posible pérdida de datos
  stagePause.cpp
C:\Users\Krod\Desktop\games\src\framework.h(372,105): warning C4244: 'return': conversión de 'double' a 'float'; posible pérdida de datos
C:\Users\Krod\Desktop\games\src\stagePause.cpp(22,18): warning C4244: 'argumento': conversión de 'double' a 'float'; posible pérdida de datos
  Generando código...
C:\Users\Krod\Desktop\games\src\entityMesh.cpp(189): warning C4715: 'EntityMesh::isCollidingDoor': no todas las rutas de acceso de control devuelven un valor
  Compilando...
  stageTutorial.cpp
C:\Users\Krod\Desktop\games\src\framework.h(372,105): warning C4244: 'return': conversión de 'double' a 'float'; posible pérdida de datos
C:\Users\Krod\Desktop\games\src\stageTutorial.cpp(18,18): warning C4244: 'argumento': conversión de 'double' a 'float'; posible pérdida de datos
  stageWin.cpp
C:\Users\Krod\Desktop\games\src\framework.h(372,105): warning C4244: 'return': conversión de 'double' a 'float'; posible pérdida de datos
C:\Users\Krod\Desktop\games\src\stageWin.cpp(18,18): warning C4244: 'argumento': conversión de 'double' a 'float'; posible pérdida de datos
  world.cpp
C:\Users\Krod\Desktop\games\src\framework.h(372,105): warning C4244: 'return': conversión de 'double' a 'float'; posible pérdida de datos
C:\Users\Krod\Desktop\games\src\world.cpp(54,34): warning C4244: 'argumento': conversión de 'double' a 'float'; posible pérdida de datos
C:\Users\Krod\Desktop\games\src\world.cpp(56,76): warning C4244: 'argumento': conversión de 'double' a 'float'; posible pérdida de datos
C:\Users\Krod\Desktop\games\src\world.cpp(56,35): warning C4244: 'argumento': conversión de 'double' a 'float'; posible pérdida de datos
C:\Users\Krod\Desktop\games\src\world.cpp(57,80): warning C4244: 'argumento': conversión de 'double' a 'float'; posible pérdida de datos
C:\Users\Krod\Desktop\games\src\world.cpp(57,39): warning C4244: 'argumento': conversión de 'double' a 'float'; posible pérdida de datos
C:\Users\Krod\Desktop\games\src\world.cpp(60,25): warning C4244: '=': conversión de 'double' a 'int'; posible pérdida de datos
C:\Users\Krod\Desktop\games\src\world.cpp(76,23): warning C4244: 'argumento': conversión de 'int' a 'float'; posible pérdida de datos
C:\Users\Krod\Desktop\games\src\world.cpp(82,81): warning C4244: 'argumento': conversión de 'int' a 'float'; posible pérdida de datos
C:\Users\Krod\Desktop\games\src\world.cpp(82,39): warning C4244: 'argumento': conversión de 'double' a 'float'; posible pérdida de datos
  box.cpp
  box_bld.cpp
C:\Users\Krod\Desktop\games\src\extra\coldet\box_bld.cpp(134,21): warning C4018: '<': no coinciden signed/unsigned
  coldet.cpp
C:\Users\Krod\Desktop\games\src\extra\coldet\coldet.cpp(374,10): warning C4244: 'inicializando': conversión de 'double' a 'float'; posible pérdida de datos
  coldet_bld.cpp
  math3d.cpp
  mytritri.cpp
  sysdep.cpp
  picopng.cpp
  textparser.cpp
  fbo.cpp
C:\Users\Krod\Desktop\games\src\framework.h(372,105): warning C4244: 'return': conversión de 'double' a 'float'; posible pérdida de datos
C:\Users\Krod\Desktop\games\src\fbo.cpp(112,24): warning C4244: '=': conversión de 'float' a 'int'; posible pérdida de datos
C:\Users\Krod\Desktop\games\src\fbo.cpp(113,25): warning C4244: '=': conversión de 'float' a 'int'; posible pérdida de datos
C:\Users\Krod\Desktop\games\src\fbo.cpp(143,24): warning C4018: '<': no coinciden signed/unsigned
  framework.cpp
C:\Users\Krod\Desktop\games\src\framework.h(372,105): warning C4244: 'return': conversión de 'double' a 'float'; posible pérdida de datos
C:\Users\Krod\Desktop\games\src\framework.cpp(46,1): warning C4996: 'strncpy': This function or variable may be unsafe. Consider using strncpy_s instead. To disable deprecation, use _CRT_SECURE_NO_WARNINGS. See online help for details.
C:\Program Files (x86)\Windows Kits\10\Include\10.0.18362.0\ucrt\string.h(338): message : vea la declaración de 'strncpy'
C:\Users\Krod\Desktop\games\src\framework.cpp(148,1): warning C4996: 'strncpy': This function or variable may be unsafe. Consider using strncpy_s instead. To disable deprecation, use _CRT_SECURE_NO_WARNINGS. See online help for details.
C:\Program Files (x86)\Windows Kits\10\Include\10.0.18362.0\ucrt\string.h(338): message : vea la declaración de 'strncpy'
C:\Users\Krod\Desktop\games\src\framework.cpp(1201,32): warning C4244: 'argumento': conversión de 'double' a 'float'; posible pérdida de datos
  game.cpp
C:\Users\Krod\Desktop\games\src\framework.h(372,105): warning C4244: 'return': conversión de 'double' a 'float'; posible pérdida de datos
  input.cpp
C:\Users\Krod\Desktop\games\src\framework.h(372,105): warning C4244: 'return': conversión de 'double' a 'float'; posible pérdida de datos
C:\Users\Krod\Desktop\games\src\input.cpp(138,24): warning C4244: '=': conversión de 'float' a 'char'; posible pérdida de datos
C:\Users\Krod\Desktop\games\src\input.cpp(146,19): warning C4305: 'inicializando': truncamiento de 'double' a 'float'
  light.cpp
C:\Users\Krod\Desktop\games\src\framework.h(372,105): warning C4244: 'return': conversión de 'double' a 'float'; posible pérdida de datos
  main.cpp
C:\Users\Krod\Desktop\games\src\framework.h(372,105): warning C4244: 'return': conversión de 'double' a 'float'; posible pérdida de datos
C:\Users\Krod\Desktop\games\src\main.cpp(118,46): warning C4244: '=': conversión de 'Sint32' a 'float'; posible pérdida de datos
C:\Users\Krod\Desktop\games\src\main.cpp(152,24): warning C4244: '=': conversión de 'double' a 'float'; posible pérdida de datos
  material.cpp
C:\Users\Krod\Desktop\games\src\framework.h(372,105): warning C4244: 'return': conversión de 'double' a 'float'; posible pérdida de datos
  mesh.cpp
C:\Users\Krod\Desktop\games\src\framework.h(372,105): warning C4244: 'return': conversión de 'double' a 'float'; posible pérdida de datos
C:\Users\Krod\Desktop\games\src\mesh.cpp(256,3): warning C4018: '<': no coinciden signed/unsigned
C:\Users\Krod\Desktop\games\src\mesh.cpp(731,1): warning C4996: 'fopen': This function or variable may be unsafe. Consider using fopen_s instead. To disable deprecation, use _CRT_SECURE_NO_WARNINGS. See online help for details.
C:\Program Files (x86)\Windows Kits\10\Include\10.0.18362.0\ucrt\stdio.h(208): message : vea la declaración de 'fopen'
C:\Users\Krod\Desktop\games\src\mesh.cpp(848,1): warning C4996: 'fopen': This function or variable may be unsafe. Consider using fopen_s instead. To disable deprecation, use _CRT_SECURE_NO_WARNINGS. See online help for details.
C:\Program Files (x86)\Windows Kits\10\Include\10.0.18362.0\ucrt\stdio.h(208): message : vea la declaración de 'fopen'
C:\Users\Krod\Desktop\games\src\mesh.cpp(1052,1): warning C4996: 'fopen': This function or variable may be unsafe. Consider using fopen_s instead. To disable deprecation, use _CRT_SECURE_NO_WARNINGS. See online help for details.
C:\Program Files (x86)\Windows Kits\10\Include\10.0.18362.0\ucrt\stdio.h(208): message : vea la declaración de 'fopen'
C:\Users\Krod\Desktop\games\src\mesh.cpp(1139,1): warning C4996: 'strcpy': This function or variable may be unsafe. Consider using strcpy_s instead. To disable deprecation, use _CRT_SECURE_NO_WARNINGS. See online help for details.
C:\Program Files (x86)\Windows Kits\10\Include\10.0.18362.0\ucrt\string.h(133): message : vea la declaración de 'strcpy'
C:\Users\Krod\Desktop\games\src\mesh.cpp(1143,1): warning C4996: 'strcpy': This function or variable may be unsafe. Consider using strcpy_s instead. To disable deprecation, use _CRT_SECURE_NO_WARNINGS. See online help for details.
C:\Program Files (x86)\Windows Kits\10\Include\10.0.18362.0\ucrt\string.h(133): message : vea la declaración de 'strcpy'
C:\Users\Krod\Desktop\games\src\mesh.cpp(1153,1): warning C4996: 'strcpy': This function or variable may be unsafe. Consider using strcpy_s instead. To disable deprecation, use _CRT_SECURE_NO_WARNINGS. See online help for details.
C:\Program Files (x86)\Windows Kits\10\Include\10.0.18362.0\ucrt\string.h(133): message : vea la declaración de 'strcpy'
C:\Users\Krod\Desktop\games\src\mesh.cpp(1254,27): warning C4244: 'argumento': conversión de 'double' a 'const unsigned int'; posible pérdida de datos
C:\Users\Krod\Desktop\games\src\mesh.cpp(1255,23): warning C4018: '<': no coinciden signed/unsigned
C:\Users\Krod\Desktop\games\src\mesh.cpp(1203,1): warning C4996: 'fopen': This function or variable may be unsafe. Consider using fopen_s instead. To disable deprecation, use _CRT_SECURE_NO_WARNINGS. See online help for details.
C:\Program Files (x86)\Windows Kits\10\Include\10.0.18362.0\ucrt\stdio.h(208): message : vea la declaración de 'fopen'
C:\Users\Krod\Desktop\games\src\mesh.cpp(1391,40): warning C4244: 'argumento': conversión de 'double' a 'float'; posible pérdida de datos
C:\Users\Krod\Desktop\games\src\mesh.cpp(1391,25): warning C4244: 'argumento': conversión de 'double' a 'float'; posible pérdida de datos
C:\Users\Krod\Desktop\games\src\mesh.cpp(1393,44): warning C4244: 'argumento': conversión de 'double' a 'float'; posible pérdida de datos
C:\Users\Krod\Desktop\games\src\mesh.cpp(1393,31): warning C4244: 'argumento': conversión de 'double' a 'float'; posible pérdida de datos
C:\Users\Krod\Desktop\games\src\mesh.cpp(1394,31): warning C4244: 'argumento': conversión de 'double' a 'float'; posible pérdida de datos
C:\Users\Krod\Desktop\games\src\mesh.cpp(1401,44): warning C4244: 'argumento': conversión de 'double' a 'float'; posible pérdida de datos
C:\Users\Krod\Desktop\games\src\mesh.cpp(1401,31): warning C4244: 'argumento': conversión de 'double' a 'float'; posible pérdida de datos
C:\Users\Krod\Desktop\games\src\mesh.cpp(1403,43): warning C4244: 'argumento': conversión de 'double' a 'float'; posible pérdida de datos
C:\Users\Krod\Desktop\games\src\mesh.cpp(1416,30): warning C4244: '=': conversión de 'double' a 'float'; posible pérdida de datos
C:\Users\Krod\Desktop\games\src\mesh.cpp(1439,30): warning C4244: '=': conversión de 'double' a 'float'; posible pérdida de datos
C:\Users\Krod\Desktop\games\src\mesh.cpp(1468,21): warning C4018: '<': no coinciden signed/unsigned
C:\Users\Krod\Desktop\games\src\mesh.cpp(1477,21): warning C4018: '<': no coinciden signed/unsigned
  Generando código...
  Compilando...
  rendertotexture.cpp
C:\Users\Krod\Desktop\games\src\framework.h(372,105): warning C4244: 'return': conversión de 'double' a 'float'; posible pérdida de datos
  scene.cpp
C:\Users\Krod\Desktop\games\src\framework.h(372,105): warning C4244: 'return': conversión de 'double' a 'float'; posible pérdida de datos
  shader.cpp
C:\Users\Krod\Desktop\games\src\framework.h(372,105): warning C4244: 'return': conversión de 'double' a 'float'; posible pérdida de datos
C:\Users\Krod\Desktop\games\src\shader.cpp(177,20): warning C4018: '<': no coinciden signed/unsigned
C:\Users\Krod\Desktop\games\src\shader.cpp(216,20): warning C4018: '<': no coinciden signed/unsigned
  texture.cpp
C:\Users\Krod\Desktop\games\src\framework.h(372,105): warning C4244: 'return': conversión de 'double' a 'float'; posible pérdida de datos
C:\Program Files (x86)\Microsoft Visual Studio\2019\Community\VC\Tools\MSVC\14.24.28314\include\xtgmath.h(24,51): warning C4244: 'argumento': conversión de 'unsigned int' a 'float'; posible pérdida de datos
C:\Users\Krod\Desktop\games\src\texture.cpp(15,9): warning C4244: 'inicializando': conversión de 'double' a 'int'; posible pérdida de datos
C:\Users\Krod\Desktop\games\src\texture.cpp(16,56): warning C4244: 'argumento': conversión de 'unsigned int' a 'float'; posible pérdida de datos
C:\Users\Krod\Desktop\games\src\texture.cpp(16,9): warning C4244: 'inicializando': conversión de 'double' a 'int'; posible pérdida de datos
C:\Users\Krod\Desktop\games\src\texture.cpp(21,15): warning C4018: '<': no coinciden signed/unsigned
C:\Users\Krod\Desktop\games\src\texture.cpp(22,15): warning C4018: '<': no coinciden signed/unsigned
C:\Users\Krod\Desktop\games\src\texture.cpp(29,55): warning C4244: 'argumento': conversión de 'unsigned int' a 'float'; posible pérdida de datos
C:\Users\Krod\Desktop\games\src\texture.cpp(29,9): warning C4244: 'inicializando': conversión de 'double' a 'int'; posible pérdida de datos
C:\Users\Krod\Desktop\games\src\texture.cpp(30,57): warning C4244: 'argumento': conversión de 'unsigned int' a 'float'; posible pérdida de datos
C:\Users\Krod\Desktop\games\src\texture.cpp(30,9): warning C4244: 'inicializando': conversión de 'double' a 'int'; posible pérdida de datos
C:\Users\Krod\Desktop\games\src\texture.cpp(35,15): warning C4018: '<': no coinciden signed/unsigned
C:\Users\Krod\Desktop\games\src\texture.cpp(36,15): warning C4018: '<': no coinciden signed/unsigned
C:\Users\Krod\Desktop\games\src\texture.cpp(119,125): warning C4244: 'argumento': conversión de 'float' a 'int'; posible pérdida de datos
C:\Users\Krod\Desktop\games\src\texture.cpp(240,94): warning C4244: 'argumento': conversión de 'float' a 'GLsizei'; posible pérdida de datos
C:\Users\Krod\Desktop\games\src\texture.cpp(240,87): warning C4244: 'argumento': conversión de 'float' a 'GLsizei'; posible pérdida de datos
C:\Users\Krod\Desktop\games\src\texture.cpp(261,102): warning C4244: 'argumento': conversión de 'float' a 'GLsizei'; posible pérdida de datos
C:\Users\Krod\Desktop\games\src\texture.cpp(261,94): warning C4244: 'argumento': conversión de 'float' a 'GLsizei'; posible pérdida de datos
C:\Users\Krod\Desktop\games\src\texture.cpp(261,87): warning C4244: 'argumento': conversión de 'float' a 'GLsizei'; posible pérdida de datos
C:\Users\Krod\Desktop\games\src\texture.cpp(284,111): warning C4244: 'argumento': conversión de 'float' a 'GLsizei'; posible pérdida de datos
C:\Users\Krod\Desktop\games\src\texture.cpp(284,104): warning C4244: 'argumento': conversión de 'float' a 'GLsizei'; posible pérdida de datos
C:\Users\Krod\Desktop\games\src\texture.cpp(483,18): warning C4244: '=': conversión de 'float' a 'unsigned int'; posible pérdida de datos
C:\Users\Krod\Desktop\games\src\texture.cpp(484,19): warning C4244: '=': conversión de 'float' a 'unsigned int'; posible pérdida de datos
C:\Users\Krod\Desktop\games\src\texture.cpp(502,1): warning C4996: 'fopen': This function or variable may be unsafe. Consider using fopen_s instead. To disable deprecation, use _CRT_SECURE_NO_WARNINGS. See online help for details.
C:\Program Files (x86)\Windows Kits\10\Include\10.0.18362.0\ucrt\stdio.h(208): message : vea la declaración de 'fopen'
C:\Users\Krod\Desktop\games\src\texture.cpp(498,12): warning C4101: 'bytesPerPixel': variable local sin referencia
C:\Users\Krod\Desktop\games\src\texture.cpp(615,1): warning C4996: 'fopen': This function or variable may be unsafe. Consider using fopen_s instead. To disable deprecation, use _CRT_SECURE_NO_WARNINGS. See online help for details.
C:\Program Files (x86)\Windows Kits\10\Include\10.0.18362.0\ucrt\stdio.h(208): message : vea la declaración de 'fopen'
  utils.cpp
C:\Users\Krod\Desktop\games\src\framework.h(372,105): warning C4244: 'return': conversión de 'double' a 'float'; posible pérdida de datos
C:\Users\Krod\Desktop\games\src\utils.cpp(83,1): warning C4996: 'fopen': This function or variable may be unsafe. Consider using fopen_s instead. To disable deprecation, use _CRT_SECURE_NO_WARNINGS. See online help for details.
C:\Program Files (x86)\Windows Kits\10\Include\10.0.18362.0\ucrt\stdio.h(208): message : vea la declaración de 'fopen'
C:\Users\Krod\Desktop\games\src\utils.cpp(138,20): warning C4018: '<': no coinciden signed/unsigned
C:\Users\Krod\Desktop\games\src\utils.cpp(139,26): warning C4018: '<': no coinciden signed/unsigned
C:\Users\Krod\Desktop\games\src\utils.cpp(287,51): warning C4244: 'argumento': conversión de 'double' a 'float'; posible pérdida de datos
C:\Users\Krod\Desktop\games\src\utils.cpp(288,63): warning C4305: 'argumento': truncamiento de 'double' a 'float'
C:\Users\Krod\Desktop\games\src\utils.cpp(313,10): warning C4244: '=': conversión de 'double' a 'float'; posible pérdida de datos
C:\Users\Krod\Desktop\games\src\utils.cpp(323,16): warning C4244: '=': conversión de 'double' a 'float'; posible pérdida de datos
C:\Users\Krod\Desktop\games\src\utils.cpp(345,11): warning C4244: 'inicializando': conversión de 'double' a 'float'; posible pérdida de datos
C:\Users\Krod\Desktop\games\src\utils.cpp(347,17): warning C4244: 'argumento': conversión de 'float' a 'const unsigned int'; posible pérdida de datos
C:\Users\Krod\Desktop\games\src\utils.cpp(360,12): warning C4244: 'inicializando': conversión de 'double' a 'float'; posible pérdida de datos
C:\Users\Krod\Desktop\games\src\utils.cpp(369,14): warning C4018: '>=': no coinciden signed/unsigned
C:\Users\Krod\Desktop\games\src\utils.cpp(409,20): warning C4018: '<': no coinciden signed/unsigned
C:\Users\Krod\Desktop\games\src\utils.cpp(410,59): warning C4244: 'argumento': conversión de '_Ty' a 'unsigned int'; posible pérdida de datos
          with
          [
              _Ty=float
          ]
C:\Users\Krod\Desktop\games\src\utils.cpp(410,44): warning C4244: 'argumento': conversión de '_Ty' a 'unsigned int'; posible pérdida de datos
          with
          [
              _Ty=float
          ]
C:\Users\Krod\Desktop\games\src\utils.cpp(410,29): warning C4244: 'argumento': conversión de '_Ty' a 'unsigned int'; posible pérdida de datos
          with
          [
              _Ty=float
          ]
C:\Users\Krod\Desktop\games\src\utils.cpp(420,20): warning C4018: '<': no coinciden signed/unsigned
C:\Users\Krod\Desktop\games\src\utils.cpp(421,74): warning C4244: 'argumento': conversión de '_Ty' a 'uint8'; posible pérdida de datos
          with
          [
              _Ty=float
          ]
C:\Users\Krod\Desktop\games\src\utils.cpp(421,59): warning C4244: 'argumento': conversión de '_Ty' a 'uint8'; posible pérdida de datos
          with
          [
              _Ty=float
          ]
C:\Users\Krod\Desktop\games\src\utils.cpp(421,44): warning C4244: 'argumento': conversión de '_Ty' a 'uint8'; posible pérdida de datos
          with
          [
              _Ty=float
          ]
C:\Users\Krod\Desktop\games\src\utils.cpp(421,29): warning C4244: 'argumento': conversión de '_Ty' a 'uint8'; posible pérdida de datos
          with
          [
              _Ty=float
          ]
  Generando código...
  tritri.c
animation.obj : warning LNK4075: se omite '/EDITANDCONTINUE' debido a la especificación '/INCREMENTAL:NO'
LINK : warning LNK4098: la biblioteca predeterminada'LIBCMT' entra en conflicto con otras bibliotecas; use la biblioteca /NODEFAULTLIB:biblioteca
glew32s.lib(glew.obj) : warning LNK4099: no se encontró PDB 'vc120.pdb' con 'glew32s.lib(glew.obj)' o en 'C:\Users\Krod\Desktop\games\vc120.pdb'; se vinculará el objeto sin tener en cuenta información de depuración
  visualstudio.vcxproj -> C:\Users\Krod\Desktop\games\visualstudio\VS2015\..\..\game_debug.exe
