c:\users\marti\desktop\joc 3d\tje_framework_2020\visualstudio\vs2015\release\vc142.pdb
c:\users\marti\desktop\joc 3d\tje_framework_2020\visualstudio\vs2015\release\stagemenu.obj
c:\users\marti\desktop\joc 3d\tje_framework_2020\visualstudio\vs2015\release\stagelevelfail.obj
c:\users\marti\desktop\joc 3d\tje_framework_2020\visualstudio\vs2015\release\stagelevel.obj
c:\users\marti\desktop\joc 3d\tje_framework_2020\visualstudio\vs2015\release\stageintro.obj
c:\users\marti\desktop\joc 3d\tje_framework_2020\visualstudio\vs2015\release\stagegame.obj
c:\users\marti\desktop\joc 3d\tje_framework_2020\visualstudio\vs2015\release\stagecontrols.obj
c:\users\marti\desktop\joc 3d\tje_framework_2020\visualstudio\vs2015\release\sound.obj
c:\users\marti\desktop\joc 3d\tje_framework_2020\visualstudio\vs2015\release\objects.obj
c:\users\marti\desktop\joc 3d\tje_framework_2020\visualstudio\vs2015\release\map.obj
c:\users\marti\desktop\joc 3d\tje_framework_2020\visualstudio\vs2015\release\entitywheel.obj
c:\users\marti\desktop\joc 3d\tje_framework_2020\visualstudio\vs2015\release\entityplayer.obj
c:\users\marti\desktop\joc 3d\tje_framework_2020\visualstudio\vs2015\release\entitymesh.obj
c:\users\marti\desktop\joc 3d\tje_framework_2020\visualstudio\vs2015\release\entityguitext.obj
c:\users\marti\desktop\joc 3d\tje_framework_2020\visualstudio\vs2015\release\entityguimenu.obj
c:\users\marti\desktop\joc 3d\tje_framework_2020\visualstudio\vs2015\release\entityguiingame.obj
c:\users\marti\desktop\joc 3d\tje_framework_2020\visualstudio\vs2015\release\entitygui.obj
c:\users\marti\desktop\joc 3d\tje_framework_2020\visualstudio\vs2015\release\entityenemy.obj
c:\users\marti\desktop\joc 3d\tje_framework_2020\visualstudio\vs2015\release\entity.obj
c:\users\marti\desktop\joc 3d\tje_framework_2020\visualstudio\vs2015\release\camera.obj
c:\users\marti\desktop\joc 3d\tje_framework_2020\visualstudio\vs2015\release\animation.obj
c:\users\marti\desktop\joc 3d\tje_framework_2020\visualstudio\vs2015\release\main.obj
c:\users\marti\desktop\joc 3d\tje_framework_2020\visualstudio\vs2015\release\light.obj
c:\users\marti\desktop\joc 3d\tje_framework_2020\visualstudio\vs2015\release\input.obj
c:\users\marti\desktop\joc 3d\tje_framework_2020\visualstudio\vs2015\release\game.obj
c:\users\marti\desktop\joc 3d\tje_framework_2020\visualstudio\vs2015\release\framework.obj
c:\users\marti\desktop\joc 3d\tje_framework_2020\visualstudio\vs2015\release\fbo.obj
c:\users\marti\desktop\joc 3d\tje_framework_2020\visualstudio\vs2015\release\textparser.obj
c:\users\marti\desktop\joc 3d\tje_framework_2020\visualstudio\vs2015\release\picopng.obj
c:\users\marti\desktop\joc 3d\tje_framework_2020\visualstudio\vs2015\release\sysdep.obj
c:\users\marti\desktop\joc 3d\tje_framework_2020\visualstudio\vs2015\release\mytritri.obj
c:\users\marti\desktop\joc 3d\tje_framework_2020\visualstudio\vs2015\release\math3d.obj
c:\users\marti\desktop\joc 3d\tje_framework_2020\visualstudio\vs2015\release\coldet_bld.obj
c:\users\marti\desktop\joc 3d\tje_framework_2020\visualstudio\vs2015\release\coldet.obj
c:\users\marti\desktop\joc 3d\tje_framework_2020\visualstudio\vs2015\release\box_bld.obj
c:\users\marti\desktop\joc 3d\tje_framework_2020\visualstudio\vs2015\release\box.obj
c:\users\marti\desktop\joc 3d\tje_framework_2020\visualstudio\vs2015\release\world.obj
c:\users\marti\desktop\joc 3d\tje_framework_2020\visualstudio\vs2015\release\stagewin.obj
c:\users\marti\desktop\joc 3d\tje_framework_2020\visualstudio\vs2015\release\stagetutorial.obj
c:\users\marti\desktop\joc 3d\tje_framework_2020\visualstudio\vs2015\release\stagepause.obj
c:\users\marti\desktop\joc 3d\tje_framework_2020\visualstudio\vs2015\release\stagenextlevel.obj
c:\users\marti\desktop\joc 3d\tje_framework_2020\visualstudio\vs2015\release\utils.obj
c:\users\marti\desktop\joc 3d\tje_framework_2020\visualstudio\vs2015\release\texture.obj
c:\users\marti\desktop\joc 3d\tje_framework_2020\visualstudio\vs2015\release\shader.obj
c:\users\marti\desktop\joc 3d\tje_framework_2020\visualstudio\vs2015\release\scene.obj
c:\users\marti\desktop\joc 3d\tje_framework_2020\visualstudio\vs2015\release\rendertotexture.obj
c:\users\marti\desktop\joc 3d\tje_framework_2020\visualstudio\vs2015\release\mesh.obj
c:\users\marti\desktop\joc 3d\tje_framework_2020\visualstudio\vs2015\release\material.obj
c:\users\marti\desktop\joc 3d\tje_framework_2020\visualstudio\vs2015\release\tritri.obj
c:\users\marti\desktop\joc 3d\tje_framework_2020\game.ipdb
c:\users\marti\desktop\joc 3d\tje_framework_2020\game.iobj
c:\users\marti\desktop\joc 3d\tje_framework_2020\game.exe
c:\users\marti\desktop\joc 3d\tje_framework_2020\game.pdb
c:\users\marti\desktop\joc 3d\tje_framework_2020\visualstudio\vs2015\release\game.tlog\cl.command.1.tlog
c:\users\marti\desktop\joc 3d\tje_framework_2020\visualstudio\vs2015\release\game.tlog\cl.read.1.tlog
c:\users\marti\desktop\joc 3d\tje_framework_2020\visualstudio\vs2015\release\game.tlog\cl.write.1.tlog
c:\users\marti\desktop\joc 3d\tje_framework_2020\visualstudio\vs2015\release\game.tlog\game.write.1u.tlog
c:\users\marti\desktop\joc 3d\tje_framework_2020\visualstudio\vs2015\release\game.tlog\link.command.1.tlog
c:\users\marti\desktop\joc 3d\tje_framework_2020\visualstudio\vs2015\release\game.tlog\link.read.1.tlog
c:\users\marti\desktop\joc 3d\tje_framework_2020\visualstudio\vs2015\release\game.tlog\link.write.1.tlog
